<?xml version="1.0" encoding="UTF-8"?>
<testng-results skipped="0" failed="0" total="1" passed="1">
  <reporter-output>
  </reporter-output>
  <suite name="Default suite" duration-ms="6836" started-at="2018-02-04T09:50:04Z" finished-at="2018-02-04T09:50:11Z">
    <groups>
    </groups>
    <test name="Default test" duration-ms="6836" started-at="2018-02-04T09:50:04Z" finished-at="2018-02-04T09:50:11Z">
      <class name="TestDemo">
        <test-method status="PASS" signature="test()[pri:0, instance:TestDemo@32d992b2]" name="test" duration-ms="6815" started-at="2018-02-04T22:50:04Z" finished-at="2018-02-04T22:50:11Z">
          <reporter-output>
          </reporter-output>
        </test-method> <!-- test -->
      </class> <!-- TestDemo -->
    </test> <!-- Default test -->
  </suite> <!-- Default suite -->
</testng-results>
