<?xml version="1.0" encoding="UTF-8"?>
<testng-results skipped="0" failed="0" total="1" passed="1">
  <reporter-output>
  </reporter-output>
  <suite name="Default suite" duration-ms="8155" started-at="2018-02-04T23:30:23Z" finished-at="2018-02-04T23:30:31Z">
    <groups>
    </groups>
    <test name="Default test" duration-ms="8155" started-at="2018-02-04T23:30:23Z" finished-at="2018-02-04T23:30:31Z">
      <class name="TestDemo">
        <test-method status="PASS" signature="test()[pri:0, instance:TestDemo@6d78f375]" name="test" duration-ms="8113" started-at="2018-02-05T12:30:23Z" finished-at="2018-02-05T12:30:31Z">
          <reporter-output>
          </reporter-output>
        </test-method> <!-- test -->
      </class> <!-- TestDemo -->
    </test> <!-- Default test -->
  </suite> <!-- Default suite -->
</testng-results>
